2020-04-26 11:15:50,709 [Worker-6: Loading available Gradle versions] INFO  o.e.b.c.i.u.g.PublishedGradleVersions - Gradle version information cache is up-to-date. Trying to read.
2020-05-02 21:57:10,279 [Worker-0: Loading available Gradle versions] INFO  o.e.b.c.i.u.g.PublishedGradleVersions - Gradle version information cache is up-to-date. Trying to read.
2020-05-02 22:02:37,594 [Worker-5: Import Getting Started Content] INFO  o.e.m.c.i.e.AbstractTransferListenerAdapter - Downloading https://repo.maven.apache.org/maven2/org/springframework/boot/spring-boot-starter-parent/2.2.6.RELEASE/spring-boot-starter-parent-2.2.6.RELEASE.pom
2020-05-02 22:02:37,774 [Worker-5: Import Getting Started Content] INFO  o.e.m.c.i.e.AbstractTransferListenerAdapter - Downloaded https://repo.maven.apache.org/maven2/org/springframework/boot/spring-boot-starter-parent/2.2.6.RELEASE/spring-boot-starter-parent-2.2.6.RELEASE.pom
2020-05-02 22:02:37,975 [Worker-5: Import Getting Started Content] INFO  o.e.m.c.i.e.AbstractTransferListenerAdapter - Downloading https://repo.maven.apache.org/maven2/org/springframework/boot/spring-boot-dependencies/2.2.6.RELEASE/spring-boot-dependencies-2.2.6.RELEASE.pom
2020-05-02 22:02:39,975 [Worker-5: Import Getting Started Content] INFO  o.e.m.c.i.e.AbstractTransferListenerAdapter - Downloaded https://repo.maven.apache.org/maven2/org/springframework/boot/spring-boot-dependencies/2.2.6.RELEASE/spring-boot-dependencies-2.2.6.RELEASE.pom
2020-05-02 22:02:40,185 [Worker-5: Import Getting Started Content] INFO  o.e.m.c.i.e.AbstractTransferListenerAdapter - Downloading https://repo.maven.apache.org/maven2/org/springframework/cloud/spring-cloud-dependencies/Hoxton.SR4/spring-cloud-dependencies-Hoxton.SR4.pom
2020-05-02 22:02:40,384 [Worker-5: Import Getting Started Content] INFO  o.e.m.c.i.e.AbstractTransferListenerAdapter - Downloaded https://repo.maven.apache.org/maven2/org/springframework/cloud/spring-cloud-dependencies/Hoxton.SR4/spring-cloud-dependencies-Hoxton.SR4.pom
2020-05-02 22:02:40,614 [Worker-5: Import Getting Started Content] INFO  o.e.m.c.i.e.AbstractTransferListenerAdapter - Downloading https://repo.maven.apache.org/maven2/org/springframework/cloud/spring-cloud-dependencies-parent/2.2.3.RELEASE/spring-cloud-dependencies-parent-2.2.3.RELEASE.pom
2020-05-02 22:02:40,785 [Worker-5: Import Getting Started Content] INFO  o.e.m.c.i.e.AbstractTransferListenerAdapter - Downloaded https://repo.maven.apache.org/maven2/org/springframework/cloud/spring-cloud-dependencies-parent/2.2.3.RELEASE/spring-cloud-dependencies-parent-2.2.3.RELEASE.pom
2020-05-02 22:02:40,964 [Worker-5: Import Getting Started Content] INFO  o.e.m.c.i.e.AbstractTransferListenerAdapter - Downloading https://repo.maven.apache.org/maven2/org/springframework/cloud/spring-cloud-commons-dependencies/2.2.2.RELEASE/spring-cloud-commons-dependencies-2.2.2.RELEASE.pom
2020-05-02 22:02:41,175 [Worker-5: Import Getting Started Content] INFO  o.e.m.c.i.e.AbstractTransferListenerAdapter - Downloaded https://repo.maven.apache.org/maven2/org/springframework/cloud/spring-cloud-commons-dependencies/2.2.2.RELEASE/spring-cloud-commons-dependencies-2.2.2.RELEASE.pom
2020-05-02 22:02:41,615 [Worker-5: Import Getting Started Content] INFO  o.e.m.c.i.e.AbstractTransferListenerAdapter - Downloading https://repo.maven.apache.org/maven2/org/springframework/cloud/spring-cloud-netflix-dependencies/2.2.2.RELEASE/spring-cloud-netflix-dependencies-2.2.2.RELEASE.pom
2020-05-02 22:02:41,805 [Worker-5: Import Getting Started Content] INFO  o.e.m.c.i.e.AbstractTransferListenerAdapter - Downloaded https://repo.maven.apache.org/maven2/org/springframework/cloud/spring-cloud-netflix-dependencies/2.2.2.RELEASE/spring-cloud-netflix-dependencies-2.2.2.RELEASE.pom
2020-05-02 22:02:41,994 [Worker-5: Import Getting Started Content] INFO  o.e.m.c.i.e.AbstractTransferListenerAdapter - Downloading https://repo.maven.apache.org/maven2/org/springframework/cloud/spring-cloud-stream-dependencies/Horsham.SR4/spring-cloud-stream-dependencies-Horsham.SR4.pom
2020-05-02 22:02:42,185 [Worker-5: Import Getting Started Content] INFO  o.e.m.c.i.e.AbstractTransferListenerAdapter - Downloaded https://repo.maven.apache.org/maven2/org/springframework/cloud/spring-cloud-stream-dependencies/Horsham.SR4/spring-cloud-stream-dependencies-Horsham.SR4.pom
2020-05-02 22:02:42,374 [Worker-5: Import Getting Started Content] INFO  o.e.m.c.i.e.AbstractTransferListenerAdapter - Downloading https://repo.maven.apache.org/maven2/org/springframework/cloud/spring-cloud-task-dependencies/2.2.3.RELEASE/spring-cloud-task-dependencies-2.2.3.RELEASE.pom
2020-05-02 22:02:42,694 [Worker-5: Import Getting Started Content] INFO  o.e.m.c.i.e.AbstractTransferListenerAdapter - Downloaded https://repo.maven.apache.org/maven2/org/springframework/cloud/spring-cloud-task-dependencies/2.2.3.RELEASE/spring-cloud-task-dependencies-2.2.3.RELEASE.pom
2020-05-02 22:02:42,870 [Worker-5: Import Getting Started Content] INFO  o.e.m.c.i.e.AbstractTransferListenerAdapter - Downloading https://repo.maven.apache.org/maven2/org/springframework/cloud/spring-cloud-circuitbreaker-dependencies/1.0.2.RELEASE/spring-cloud-circuitbreaker-dependencies-1.0.2.RELEASE.pom
2020-05-02 22:02:43,070 [Worker-5: Import Getting Started Content] INFO  o.e.m.c.i.e.AbstractTransferListenerAdapter - Downloaded https://repo.maven.apache.org/maven2/org/springframework/cloud/spring-cloud-circuitbreaker-dependencies/1.0.2.RELEASE/spring-cloud-circuitbreaker-dependencies-1.0.2.RELEASE.pom
2020-05-02 22:02:43,254 [Worker-5: Import Getting Started Content] INFO  o.e.m.c.i.e.AbstractTransferListenerAdapter - Downloading https://repo.maven.apache.org/maven2/org/springframework/cloud/spring-cloud-config-dependencies/2.2.2.RELEASE/spring-cloud-config-dependencies-2.2.2.RELEASE.pom
2020-05-02 22:02:43,555 [Worker-5: Import Getting Started Content] INFO  o.e.m.c.i.e.AbstractTransferListenerAdapter - Downloaded https://repo.maven.apache.org/maven2/org/springframework/cloud/spring-cloud-config-dependencies/2.2.2.RELEASE/spring-cloud-config-dependencies-2.2.2.RELEASE.pom
2020-05-02 22:02:43,725 [Worker-5: Import Getting Started Content] INFO  o.e.m.c.i.e.AbstractTransferListenerAdapter - Downloading https://repo.maven.apache.org/maven2/org/springframework/cloud/spring-cloud-function-dependencies/3.0.6.RELEASE/spring-cloud-function-dependencies-3.0.6.RELEASE.pom
2020-05-02 22:02:43,904 [Worker-5: Import Getting Started Content] INFO  o.e.m.c.i.e.AbstractTransferListenerAdapter - Downloaded https://repo.maven.apache.org/maven2/org/springframework/cloud/spring-cloud-function-dependencies/3.0.6.RELEASE/spring-cloud-function-dependencies-3.0.6.RELEASE.pom
2020-05-02 22:02:44,090 [Worker-5: Import Getting Started Content] INFO  o.e.m.c.i.e.AbstractTransferListenerAdapter - Downloading https://repo.maven.apache.org/maven2/org/springframework/cloud/spring-cloud-gateway-dependencies/2.2.2.RELEASE/spring-cloud-gateway-dependencies-2.2.2.RELEASE.pom
2020-05-02 22:02:44,335 [Worker-5: Import Getting Started Content] INFO  o.e.m.c.i.e.AbstractTransferListenerAdapter - Downloaded https://repo.maven.apache.org/maven2/org/springframework/cloud/spring-cloud-gateway-dependencies/2.2.2.RELEASE/spring-cloud-gateway-dependencies-2.2.2.RELEASE.pom
2020-05-02 22:02:44,507 [Worker-5: Import Getting Started Content] INFO  o.e.m.c.i.e.AbstractTransferListenerAdapter - Downloading https://repo.maven.apache.org/maven2/org/springframework/cloud/spring-cloud-consul-dependencies/2.2.2.RELEASE/spring-cloud-consul-dependencies-2.2.2.RELEASE.pom
2020-05-02 22:02:45,745 [Worker-5: Import Getting Started Content] INFO  o.e.m.c.i.e.AbstractTransferListenerAdapter - Downloaded https://repo.maven.apache.org/maven2/org/springframework/cloud/spring-cloud-consul-dependencies/2.2.2.RELEASE/spring-cloud-consul-dependencies-2.2.2.RELEASE.pom
2020-05-02 22:02:45,954 [Worker-5: Import Getting Started Content] INFO  o.e.m.c.i.e.AbstractTransferListenerAdapter - Downloading https://repo.maven.apache.org/maven2/org/springframework/cloud/spring-cloud-sleuth-dependencies/2.2.2.RELEASE/spring-cloud-sleuth-dependencies-2.2.2.RELEASE.pom
2020-05-02 22:02:46,285 [Worker-5: Import Getting Started Content] INFO  o.e.m.c.i.e.AbstractTransferListenerAdapter - Downloaded https://repo.maven.apache.org/maven2/org/springframework/cloud/spring-cloud-sleuth-dependencies/2.2.2.RELEASE/spring-cloud-sleuth-dependencies-2.2.2.RELEASE.pom
2020-05-02 22:02:46,476 [Worker-5: Import Getting Started Content] INFO  o.e.m.c.i.e.AbstractTransferListenerAdapter - Downloading https://repo.maven.apache.org/maven2/io/zipkin/brave/brave-bom/5.10.1/brave-bom-5.10.1.pom
2020-05-02 22:02:46,724 [Worker-5: Import Getting Started Content] INFO  o.e.m.c.i.e.AbstractTransferListenerAdapter - Downloaded https://repo.maven.apache.org/maven2/io/zipkin/brave/brave-bom/5.10.1/brave-bom-5.10.1.pom
2020-05-02 22:02:46,895 [Worker-5: Import Getting Started Content] INFO  o.e.m.c.i.e.AbstractTransferListenerAdapter - Downloading https://repo.maven.apache.org/maven2/io/zipkin/reporter2/zipkin-reporter-bom/2.12.1/zipkin-reporter-bom-2.12.1.pom
2020-05-02 22:02:47,157 [Worker-5: Import Getting Started Content] INFO  o.e.m.c.i.e.AbstractTransferListenerAdapter - Downloaded https://repo.maven.apache.org/maven2/io/zipkin/reporter2/zipkin-reporter-bom/2.12.1/zipkin-reporter-bom-2.12.1.pom
2020-05-02 22:02:47,335 [Worker-5: Import Getting Started Content] INFO  o.e.m.c.i.e.AbstractTransferListenerAdapter - Downloading https://repo.maven.apache.org/maven2/org/springframework/cloud/spring-cloud-vault-dependencies/2.2.2.RELEASE/spring-cloud-vault-dependencies-2.2.2.RELEASE.pom
2020-05-02 22:02:47,654 [Worker-5: Import Getting Started Content] INFO  o.e.m.c.i.e.AbstractTransferListenerAdapter - Downloaded https://repo.maven.apache.org/maven2/org/springframework/cloud/spring-cloud-vault-dependencies/2.2.2.RELEASE/spring-cloud-vault-dependencies-2.2.2.RELEASE.pom
2020-05-02 22:02:47,828 [Worker-5: Import Getting Started Content] INFO  o.e.m.c.i.e.AbstractTransferListenerAdapter - Downloading https://repo.maven.apache.org/maven2/org/springframework/cloud/spring-cloud-zookeeper-dependencies/2.2.1.RELEASE/spring-cloud-zookeeper-dependencies-2.2.1.RELEASE.pom
2020-05-02 22:02:48,063 [Worker-5: Import Getting Started Content] INFO  o.e.m.c.i.e.AbstractTransferListenerAdapter - Downloaded https://repo.maven.apache.org/maven2/org/springframework/cloud/spring-cloud-zookeeper-dependencies/2.2.1.RELEASE/spring-cloud-zookeeper-dependencies-2.2.1.RELEASE.pom
2020-05-02 22:02:48,255 [Worker-5: Import Getting Started Content] INFO  o.e.m.c.i.e.AbstractTransferListenerAdapter - Downloading https://repo.maven.apache.org/maven2/org/springframework/cloud/spring-cloud-security-dependencies/2.2.1.RELEASE/spring-cloud-security-dependencies-2.2.1.RELEASE.pom
2020-05-02 22:02:48,435 [Worker-5: Import Getting Started Content] INFO  o.e.m.c.i.e.AbstractTransferListenerAdapter - Downloaded https://repo.maven.apache.org/maven2/org/springframework/cloud/spring-cloud-security-dependencies/2.2.1.RELEASE/spring-cloud-security-dependencies-2.2.1.RELEASE.pom
2020-05-02 22:02:48,615 [Worker-5: Import Getting Started Content] INFO  o.e.m.c.i.e.AbstractTransferListenerAdapter - Downloading https://repo.maven.apache.org/maven2/org/springframework/cloud/spring-cloud-cloudfoundry-dependencies/2.2.1.RELEASE/spring-cloud-cloudfoundry-dependencies-2.2.1.RELEASE.pom
2020-05-02 22:02:48,915 [Worker-5: Import Getting Started Content] INFO  o.e.m.c.i.e.AbstractTransferListenerAdapter - Downloaded https://repo.maven.apache.org/maven2/org/springframework/cloud/spring-cloud-cloudfoundry-dependencies/2.2.1.RELEASE/spring-cloud-cloudfoundry-dependencies-2.2.1.RELEASE.pom
2020-05-02 22:02:49,105 [Worker-5: Import Getting Started Content] INFO  o.e.m.c.i.e.AbstractTransferListenerAdapter - Downloading https://repo.maven.apache.org/maven2/org/springframework/cloud/spring-cloud-bus-dependencies/2.2.1.RELEASE/spring-cloud-bus-dependencies-2.2.1.RELEASE.pom
2020-05-02 22:02:49,345 [Worker-5: Import Getting Started Content] INFO  o.e.m.c.i.e.AbstractTransferListenerAdapter - Downloaded https://repo.maven.apache.org/maven2/org/springframework/cloud/spring-cloud-bus-dependencies/2.2.1.RELEASE/spring-cloud-bus-dependencies-2.2.1.RELEASE.pom
2020-05-02 22:02:49,526 [Worker-5: Import Getting Started Content] INFO  o.e.m.c.i.e.AbstractTransferListenerAdapter - Downloading https://repo.maven.apache.org/maven2/org/springframework/cloud/spring-cloud-contract-dependencies/2.2.2.RELEASE/spring-cloud-contract-dependencies-2.2.2.RELEASE.pom
2020-05-02 22:02:49,825 [Worker-5: Import Getting Started Content] INFO  o.e.m.c.i.e.AbstractTransferListenerAdapter - Downloaded https://repo.maven.apache.org/maven2/org/springframework/cloud/spring-cloud-contract-dependencies/2.2.2.RELEASE/spring-cloud-contract-dependencies-2.2.2.RELEASE.pom
2020-05-02 22:02:50,005 [Worker-5: Import Getting Started Content] INFO  o.e.m.c.i.e.AbstractTransferListenerAdapter - Downloading https://repo.maven.apache.org/maven2/org/springframework/cloud/spring-cloud-aws-dependencies/2.2.1.RELEASE/spring-cloud-aws-dependencies-2.2.1.RELEASE.pom
2020-05-02 22:02:50,390 [Worker-5: Import Getting Started Content] INFO  o.e.m.c.i.e.AbstractTransferListenerAdapter - Downloaded https://repo.maven.apache.org/maven2/org/springframework/cloud/spring-cloud-aws-dependencies/2.2.1.RELEASE/spring-cloud-aws-dependencies-2.2.1.RELEASE.pom
2020-05-02 22:02:50,575 [Worker-5: Import Getting Started Content] INFO  o.e.m.c.i.e.AbstractTransferListenerAdapter - Downloading https://repo.maven.apache.org/maven2/org/springframework/cloud/spring-cloud-dependencies-parent/2.2.1.RELEASE/spring-cloud-dependencies-parent-2.2.1.RELEASE.pom
2020-05-02 22:02:50,925 [Worker-5: Import Getting Started Content] INFO  o.e.m.c.i.e.AbstractTransferListenerAdapter - Downloaded https://repo.maven.apache.org/maven2/org/springframework/cloud/spring-cloud-dependencies-parent/2.2.1.RELEASE/spring-cloud-dependencies-parent-2.2.1.RELEASE.pom
2020-05-02 22:02:51,114 [Worker-5: Import Getting Started Content] INFO  o.e.m.c.i.e.AbstractTransferListenerAdapter - Downloading https://repo.maven.apache.org/maven2/com/amazonaws/aws-java-sdk-bom/1.11.415/aws-java-sdk-bom-1.11.415.pom
2020-05-02 22:02:52,074 [Worker-5: Import Getting Started Content] INFO  o.e.m.c.i.e.AbstractTransferListenerAdapter - Downloaded https://repo.maven.apache.org/maven2/com/amazonaws/aws-java-sdk-bom/1.11.415/aws-java-sdk-bom-1.11.415.pom
2020-05-02 22:02:52,264 [Worker-5: Import Getting Started Content] INFO  o.e.m.c.i.e.AbstractTransferListenerAdapter - Downloading https://repo.maven.apache.org/maven2/com/amazonaws/aws-java-sdk-pom/1.11.415/aws-java-sdk-pom-1.11.415.pom
2020-05-02 22:02:52,735 [Worker-5: Import Getting Started Content] INFO  o.e.m.c.i.e.AbstractTransferListenerAdapter - Downloaded https://repo.maven.apache.org/maven2/com/amazonaws/aws-java-sdk-pom/1.11.415/aws-java-sdk-pom-1.11.415.pom
2020-05-02 22:02:52,905 [Worker-5: Import Getting Started Content] INFO  o.e.m.c.i.e.AbstractTransferListenerAdapter - Downloading https://repo.maven.apache.org/maven2/org/springframework/cloud/spring-cloud-openfeign-dependencies/2.2.2.RELEASE/spring-cloud-openfeign-dependencies-2.2.2.RELEASE.pom
2020-05-02 22:02:53,185 [Worker-5: Import Getting Started Content] INFO  o.e.m.c.i.e.AbstractTransferListenerAdapter - Downloaded https://repo.maven.apache.org/maven2/org/springframework/cloud/spring-cloud-openfeign-dependencies/2.2.2.RELEASE/spring-cloud-openfeign-dependencies-2.2.2.RELEASE.pom
2020-05-02 22:02:53,375 [Worker-5: Import Getting Started Content] INFO  o.e.m.c.i.e.AbstractTransferListenerAdapter - Downloading https://repo.maven.apache.org/maven2/org/springframework/cloud/spring-cloud-kubernetes-dependencies/1.1.2.RELEASE/spring-cloud-kubernetes-dependencies-1.1.2.RELEASE.pom
2020-05-02 22:02:53,685 [Worker-5: Import Getting Started Content] INFO  o.e.m.c.i.e.AbstractTransferListenerAdapter - Downloaded https://repo.maven.apache.org/maven2/org/springframework/cloud/spring-cloud-kubernetes-dependencies/1.1.2.RELEASE/spring-cloud-kubernetes-dependencies-1.1.2.RELEASE.pom
2020-05-02 22:02:53,865 [Worker-5: Import Getting Started Content] INFO  o.e.m.c.i.e.AbstractTransferListenerAdapter - Downloading https://repo.maven.apache.org/maven2/io/fabric8/kubernetes-client-bom/4.4.1/kubernetes-client-bom-4.4.1.pom
2020-05-02 22:02:54,057 [Worker-5: Import Getting Started Content] INFO  o.e.m.c.i.e.AbstractTransferListenerAdapter - Downloaded https://repo.maven.apache.org/maven2/io/fabric8/kubernetes-client-bom/4.4.1/kubernetes-client-bom-4.4.1.pom
2020-05-02 22:02:54,254 [Worker-5: Import Getting Started Content] INFO  o.e.m.c.i.e.AbstractTransferListenerAdapter - Downloading https://repo.maven.apache.org/maven2/org/springframework/cloud/spring-cloud-gcp-dependencies/1.2.2.RELEASE/spring-cloud-gcp-dependencies-1.2.2.RELEASE.pom
2020-05-02 22:02:54,514 [Worker-5: Import Getting Started Content] INFO  o.e.m.c.i.e.AbstractTransferListenerAdapter - Downloaded https://repo.maven.apache.org/maven2/org/springframework/cloud/spring-cloud-gcp-dependencies/1.2.2.RELEASE/spring-cloud-gcp-dependencies-1.2.2.RELEASE.pom
2020-05-02 22:02:54,705 [Worker-5: Import Getting Started Content] INFO  o.e.m.c.i.e.AbstractTransferListenerAdapter - Downloading https://repo.maven.apache.org/maven2/com/google/cloud/libraries-bom/4.2.0/libraries-bom-4.2.0.pom
2020-05-02 22:02:54,964 [Worker-5: Import Getting Started Content] INFO  o.e.m.c.i.e.AbstractTransferListenerAdapter - Downloaded https://repo.maven.apache.org/maven2/com/google/cloud/libraries-bom/4.2.0/libraries-bom-4.2.0.pom
2020-05-02 22:02:55,145 [Worker-5: Import Getting Started Content] INFO  o.e.m.c.i.e.AbstractTransferListenerAdapter - Downloading https://repo.maven.apache.org/maven2/com/google/guava/guava-bom/28.2-android/guava-bom-28.2-android.pom
2020-05-02 22:02:55,315 [Worker-5: Import Getting Started Content] INFO  o.e.m.c.i.e.AbstractTransferListenerAdapter - Downloaded https://repo.maven.apache.org/maven2/com/google/guava/guava-bom/28.2-android/guava-bom-28.2-android.pom
2020-05-02 22:02:55,495 [Worker-5: Import Getting Started Content] INFO  o.e.m.c.i.e.AbstractTransferListenerAdapter - Downloading https://repo.maven.apache.org/maven2/org/sonatype/oss/oss-parent/9/oss-parent-9.pom
2020-05-02 22:02:55,804 [Worker-5: Import Getting Started Content] INFO  o.e.m.c.i.e.AbstractTransferListenerAdapter - Downloaded https://repo.maven.apache.org/maven2/org/sonatype/oss/oss-parent/9/oss-parent-9.pom
2020-05-02 22:02:55,974 [Worker-5: Import Getting Started Content] INFO  o.e.m.c.i.e.AbstractTransferListenerAdapter - Downloading https://repo.maven.apache.org/maven2/com/google/protobuf/protobuf-bom/3.11.4/protobuf-bom-3.11.4.pom
2020-05-02 22:02:56,245 [Worker-5: Import Getting Started Content] INFO  o.e.m.c.i.e.AbstractTransferListenerAdapter - Downloaded https://repo.maven.apache.org/maven2/com/google/protobuf/protobuf-bom/3.11.4/protobuf-bom-3.11.4.pom
2020-05-02 22:02:56,425 [Worker-5: Import Getting Started Content] INFO  o.e.m.c.i.e.AbstractTransferListenerAdapter - Downloading https://repo.maven.apache.org/maven2/com/google/cloud/google-cloud-bom/0.122.3-alpha/google-cloud-bom-0.122.3-alpha.pom
2020-05-02 22:02:56,925 [Worker-5: Import Getting Started Content] INFO  o.e.m.c.i.e.AbstractTransferListenerAdapter - Downloaded https://repo.maven.apache.org/maven2/com/google/cloud/google-cloud-bom/0.122.3-alpha/google-cloud-bom-0.122.3-alpha.pom
2020-05-02 22:02:57,115 [Worker-5: Import Getting Started Content] INFO  o.e.m.c.i.e.AbstractTransferListenerAdapter - Downloading https://repo.maven.apache.org/maven2/com/google/api/gax-bom/1.54.0/gax-bom-1.54.0.pom
2020-05-02 22:02:57,324 [Worker-5: Import Getting Started Content] INFO  o.e.m.c.i.e.AbstractTransferListenerAdapter - Downloaded https://repo.maven.apache.org/maven2/com/google/api/gax-bom/1.54.0/gax-bom-1.54.0.pom
2020-05-02 22:02:57,496 [Worker-5: Import Getting Started Content] INFO  o.e.m.c.i.e.AbstractTransferListenerAdapter - Downloading https://repo.maven.apache.org/maven2/com/google/auth/google-auth-library-bom/0.20.0/google-auth-library-bom-0.20.0.pom
2020-05-02 22:02:57,746 [Worker-5: Import Getting Started Content] INFO  o.e.m.c.i.e.AbstractTransferListenerAdapter - Downloaded https://repo.maven.apache.org/maven2/com/google/auth/google-auth-library-bom/0.20.0/google-auth-library-bom-0.20.0.pom
2020-05-02 22:02:57,924 [Worker-5: Import Getting Started Content] INFO  o.e.m.c.i.e.AbstractTransferListenerAdapter - Downloading https://repo.maven.apache.org/maven2/com/google/cloud/google-cloud-core-bom/1.93.0/google-cloud-core-bom-1.93.0.pom
2020-05-02 22:02:58,245 [Worker-5: Import Getting Started Content] INFO  o.e.m.c.i.e.AbstractTransferListenerAdapter - Downloaded https://repo.maven.apache.org/maven2/com/google/cloud/google-cloud-core-bom/1.93.0/google-cloud-core-bom-1.93.0.pom
2020-05-02 22:02:58,425 [Worker-5: Import Getting Started Content] INFO  o.e.m.c.i.e.AbstractTransferListenerAdapter - Downloading https://repo.maven.apache.org/maven2/com/google/cloud/google-cloud-shared-config/0.4.0/google-cloud-shared-config-0.4.0.pom
2020-05-02 22:02:58,985 [Worker-5: Import Getting Started Content] INFO  o.e.m.c.i.e.AbstractTransferListenerAdapter - Downloaded https://repo.maven.apache.org/maven2/com/google/cloud/google-cloud-shared-config/0.4.0/google-cloud-shared-config-0.4.0.pom
2020-05-02 22:02:59,175 [Worker-5: Import Getting Started Content] INFO  o.e.m.c.i.e.AbstractTransferListenerAdapter - Downloading https://repo.maven.apache.org/maven2/com/google/cloud/google-cloud-asset-bom/0.118.0-beta/google-cloud-asset-bom-0.118.0-beta.pom
2020-05-02 22:02:59,414 [Worker-5: Import Getting Started Content] INFO  o.e.m.c.i.e.AbstractTransferListenerAdapter - Downloaded https://repo.maven.apache.org/maven2/com/google/cloud/google-cloud-asset-bom/0.118.0-beta/google-cloud-asset-bom-0.118.0-beta.pom
2020-05-02 22:02:59,607 [Worker-5: Import Getting Started Content] INFO  o.e.m.c.i.e.AbstractTransferListenerAdapter - Downloading https://repo.maven.apache.org/maven2/com/google/cloud/google-cloud-automl-bom/1.0.1/google-cloud-automl-bom-1.0.1.pom
2020-05-02 22:02:59,794 [Worker-5: Import Getting Started Content] INFO  o.e.m.c.i.e.AbstractTransferListenerAdapter - Downloaded https://repo.maven.apache.org/maven2/com/google/cloud/google-cloud-automl-bom/1.0.1/google-cloud-automl-bom-1.0.1.pom
2020-05-02 22:02:59,975 [Worker-5: Import Getting Started Content] INFO  o.e.m.c.i.e.AbstractTransferListenerAdapter - Downloading https://repo.maven.apache.org/maven2/com/google/cloud/google-cloud-bigquerydatatransfer-bom/0.123.0-beta/google-cloud-bigquerydatatransfer-bom-0.123.0-beta.pom
2020-05-02 22:03:00,155 [Worker-5: Import Getting Started Content] INFO  o.e.m.c.i.e.AbstractTransferListenerAdapter - Downloaded https://repo.maven.apache.org/maven2/com/google/cloud/google-cloud-bigquerydatatransfer-bom/0.123.0-beta/google-cloud-bigquerydatatransfer-bom-0.123.0-beta.pom
2020-05-02 22:03:00,407 [Worker-5: Import Getting Started Content] INFO  o.e.m.c.i.e.AbstractTransferListenerAdapter - Downloading https://repo.maven.apache.org/maven2/com/google/cloud/google-cloud-bigquerystorage-bom/0.125.0-beta/google-cloud-bigquerystorage-bom-0.125.0-beta.pom
2020-05-02 22:03:00,635 [Worker-5: Import Getting Started Content] INFO  o.e.m.c.i.e.AbstractTransferListenerAdapter - Downloaded https://repo.maven.apache.org/maven2/com/google/cloud/google-cloud-bigquerystorage-bom/0.125.0-beta/google-cloud-bigquerystorage-bom-0.125.0-beta.pom
2020-05-02 22:03:00,835 [Worker-5: Import Getting Started Content] INFO  o.e.m.c.i.e.AbstractTransferListenerAdapter - Downloading https://repo.maven.apache.org/maven2/com/google/cloud/google-cloud-bigtable-bom/1.10.0/google-cloud-bigtable-bom-1.10.0.pom
2020-05-02 22:03:01,015 [Worker-5: Import Getting Started Content] INFO  o.e.m.c.i.e.AbstractTransferListenerAdapter - Downloaded https://repo.maven.apache.org/maven2/com/google/cloud/google-cloud-bigtable-bom/1.10.0/google-cloud-bigtable-bom-1.10.0.pom
2020-05-02 22:03:01,195 [Worker-5: Import Getting Started Content] INFO  o.e.m.c.i.e.AbstractTransferListenerAdapter - Downloading https://repo.maven.apache.org/maven2/com/google/cloud/google-cloud-billingbudgets-bom/0.2.1/google-cloud-billingbudgets-bom-0.2.1.pom
2020-05-02 22:03:01,375 [Worker-5: Import Getting Started Content] INFO  o.e.m.c.i.e.AbstractTransferListenerAdapter - Downloaded https://repo.maven.apache.org/maven2/com/google/cloud/google-cloud-billingbudgets-bom/0.2.1/google-cloud-billingbudgets-bom-0.2.1.pom
2020-05-02 22:03:01,554 [Worker-5: Import Getting Started Content] INFO  o.e.m.c.i.e.AbstractTransferListenerAdapter - Downloading https://repo.maven.apache.org/maven2/com/google/cloud/google-cloud-build-bom/1.0.1/google-cloud-build-bom-1.0.1.pom
2020-05-02 22:03:01,748 [Worker-5: Import Getting Started Content] INFO  o.e.m.c.i.e.AbstractTransferListenerAdapter - Downloaded https://repo.maven.apache.org/maven2/com/google/cloud/google-cloud-build-bom/1.0.1/google-cloud-build-bom-1.0.1.pom
2020-05-02 22:03:01,924 [Worker-5: Import Getting Started Content] INFO  o.e.m.c.i.e.AbstractTransferListenerAdapter - Downloading https://repo.maven.apache.org/maven2/com/google/cloud/google-cloud-container-bom/0.119.1-beta/google-cloud-container-bom-0.119.1-beta.pom
2020-05-02 22:03:02,095 [Worker-5: Import Getting Started Content] INFO  o.e.m.c.i.e.AbstractTransferListenerAdapter - Downloaded https://repo.maven.apache.org/maven2/com/google/cloud/google-cloud-container-bom/0.119.1-beta/google-cloud-container-bom-0.119.1-beta.pom
2020-05-02 22:03:02,274 [Worker-5: Import Getting Started Content] INFO  o.e.m.c.i.e.AbstractTransferListenerAdapter - Downloading https://repo.maven.apache.org/maven2/com/google/cloud/google-cloud-containeranalysis-bom/0.119.1-beta/google-cloud-containeranalysis-bom-0.119.1-beta.pom
2020-05-02 22:03:02,447 [Worker-5: Import Getting Started Content] INFO  o.e.m.c.i.e.AbstractTransferListenerAdapter - Downloaded https://repo.maven.apache.org/maven2/com/google/cloud/google-cloud-containeranalysis-bom/0.119.1-beta/google-cloud-containeranalysis-bom-0.119.1-beta.pom
2020-05-02 22:03:02,626 [Worker-5: Import Getting Started Content] INFO  o.e.m.c.i.e.AbstractTransferListenerAdapter - Downloading https://repo.maven.apache.org/maven2/com/google/cloud/google-cloud-datacatalog-bom/0.32.1/google-cloud-datacatalog-bom-0.32.1.pom
2020-05-02 22:03:02,814 [Worker-5: Import Getting Started Content] INFO  o.e.m.c.i.e.AbstractTransferListenerAdapter - Downloaded https://repo.maven.apache.org/maven2/com/google/cloud/google-cloud-datacatalog-bom/0.32.1/google-cloud-datacatalog-bom-0.32.1.pom
2020-05-02 22:03:03,077 [Worker-5: Import Getting Started Content] INFO  o.e.m.c.i.e.AbstractTransferListenerAdapter - Downloading https://repo.maven.apache.org/maven2/com/google/cloud/google-cloud-datalabeling-bom/0.118.0/google-cloud-datalabeling-bom-0.118.0.pom
2020-05-02 22:03:03,305 [Worker-5: Import Getting Started Content] INFO  o.e.m.c.i.e.AbstractTransferListenerAdapter - Downloaded https://repo.maven.apache.org/maven2/com/google/cloud/google-cloud-datalabeling-bom/0.118.0/google-cloud-datalabeling-bom-0.118.0.pom
2020-05-02 22:03:03,479 [Worker-5: Import Getting Started Content] INFO  o.e.m.c.i.e.AbstractTransferListenerAdapter - Downloading https://repo.maven.apache.org/maven2/com/google/cloud/google-cloud-dataproc-bom/0.119.0/google-cloud-dataproc-bom-0.119.0.pom
2020-05-02 22:03:03,674 [Worker-5: Import Getting Started Content] INFO  o.e.m.c.i.e.AbstractTransferListenerAdapter - Downloaded https://repo.maven.apache.org/maven2/com/google/cloud/google-cloud-dataproc-bom/0.119.0/google-cloud-dataproc-bom-0.119.0.pom
2020-05-02 22:03:03,855 [Worker-5: Import Getting Started Content] INFO  o.e.m.c.i.e.AbstractTransferListenerAdapter - Downloading https://repo.maven.apache.org/maven2/com/google/cloud/google-cloud-dlp-bom/1.0.1/google-cloud-dlp-bom-1.0.1.pom
2020-05-02 22:03:04,095 [Worker-5: Import Getting Started Content] INFO  o.e.m.c.i.e.AbstractTransferListenerAdapter - Downloaded https://repo.maven.apache.org/maven2/com/google/cloud/google-cloud-dlp-bom/1.0.1/google-cloud-dlp-bom-1.0.1.pom
2020-05-02 22:03:04,302 [Worker-5: Import Getting Started Content] INFO  o.e.m.c.i.e.AbstractTransferListenerAdapter - Downloading https://repo.maven.apache.org/maven2/com/google/cloud/google-cloud-dialogflow-bom/0.120.2/google-cloud-dialogflow-bom-0.120.2.pom
2020-05-02 22:03:04,488 [Worker-5: Import Getting Started Content] INFO  o.e.m.c.i.e.AbstractTransferListenerAdapter - Downloaded https://repo.maven.apache.org/maven2/com/google/cloud/google-cloud-dialogflow-bom/0.120.2/google-cloud-dialogflow-bom-0.120.2.pom
2020-05-02 22:03:04,665 [Worker-5: Import Getting Started Content] INFO  o.e.m.c.i.e.AbstractTransferListenerAdapter - Downloading https://repo.maven.apache.org/maven2/com/google/cloud/google-cloud-errorreporting-bom/0.119.1-beta/google-cloud-errorreporting-bom-0.119.1-beta.pom
2020-05-02 22:03:04,844 [Worker-5: Import Getting Started Content] INFO  o.e.m.c.i.e.AbstractTransferListenerAdapter - Downloaded https://repo.maven.apache.org/maven2/com/google/cloud/google-cloud-errorreporting-bom/0.119.1-beta/google-cloud-errorreporting-bom-0.119.1-beta.pom
2020-05-02 22:03:05,025 [Worker-5: Import Getting Started Content] INFO  o.e.m.c.i.e.AbstractTransferListenerAdapter - Downloading https://repo.maven.apache.org/maven2/com/google/cloud/google-cloud-firestore-bom/1.32.4/google-cloud-firestore-bom-1.32.4.pom
2020-05-02 22:03:05,200 [Worker-5: Import Getting Started Content] INFO  o.e.m.c.i.e.AbstractTransferListenerAdapter - Downloaded https://repo.maven.apache.org/maven2/com/google/cloud/google-cloud-firestore-bom/1.32.4/google-cloud-firestore-bom-1.32.4.pom
2020-05-02 22:03:05,385 [Worker-5: Import Getting Started Content] INFO  o.e.m.c.i.e.AbstractTransferListenerAdapter - Downloading https://repo.maven.apache.org/maven2/com/google/cloud/google-cloud-gameservices-bom/0.19.0/google-cloud-gameservices-bom-0.19.0.pom
2020-05-02 22:03:05,575 [Worker-5: Import Getting Started Content] INFO  o.e.m.c.i.e.AbstractTransferListenerAdapter - Downloaded https://repo.maven.apache.org/maven2/com/google/cloud/google-cloud-gameservices-bom/0.19.0/google-cloud-gameservices-bom-0.19.0.pom
2020-05-02 22:03:05,761 [Worker-5: Import Getting Started Content] INFO  o.e.m.c.i.e.AbstractTransferListenerAdapter - Downloading https://repo.maven.apache.org/maven2/com/google/cloud/google-cloud-iamcredentials-bom/0.44.1/google-cloud-iamcredentials-bom-0.44.1.pom
2020-05-02 22:03:05,935 [Worker-5: Import Getting Started Content] INFO  o.e.m.c.i.e.AbstractTransferListenerAdapter - Downloaded https://repo.maven.apache.org/maven2/com/google/cloud/google-cloud-iamcredentials-bom/0.44.1/google-cloud-iamcredentials-bom-0.44.1.pom
2020-05-02 22:03:06,115 [Worker-5: Import Getting Started Content] INFO  o.e.m.c.i.e.AbstractTransferListenerAdapter - Downloading https://repo.maven.apache.org/maven2/com/google/cloud/google-cloud-irm-bom/0.2.1/google-cloud-irm-bom-0.2.1.pom
2020-05-02 22:03:06,364 [Worker-5: Import Getting Started Content] INFO  o.e.m.c.i.e.AbstractTransferListenerAdapter - Downloaded https://repo.maven.apache.org/maven2/com/google/cloud/google-cloud-irm-bom/0.2.1/google-cloud-irm-bom-0.2.1.pom
2020-05-02 22:03:06,545 [Worker-5: Import Getting Started Content] INFO  o.e.m.c.i.e.AbstractTransferListenerAdapter - Downloading https://repo.maven.apache.org/maven2/com/google/cloud/google-cloud-iot-bom/0.117.1-beta/google-cloud-iot-bom-0.117.1-beta.pom
2020-05-02 22:03:06,765 [Worker-5: Import Getting Started Content] INFO  o.e.m.c.i.e.AbstractTransferListenerAdapter - Downloaded https://repo.maven.apache.org/maven2/com/google/cloud/google-cloud-iot-bom/0.117.1-beta/google-cloud-iot-bom-0.117.1-beta.pom
2020-05-02 22:03:07,065 [Worker-5: Import Getting Started Content] INFO  o.e.m.c.i.e.AbstractTransferListenerAdapter - Downloading https://repo.maven.apache.org/maven2/com/google/cloud/google-cloud-kms-bom/1.36.1/google-cloud-kms-bom-1.36.1.pom
2020-05-02 22:03:07,085 [Worker-5: Import Getting Started Content] INFO  o.e.m.c.i.e.AbstractTransferListenerAdapter - Downloaded https://repo.maven.apache.org/maven2/com/google/cloud/google-cloud-kms-bom/1.36.1/google-cloud-kms-bom-1.36.1.pom
2020-05-02 22:03:07,085 [Worker-5: Import Getting Started Content] INFO  o.e.m.c.i.e.AbstractTransferListenerAdapter - Downloaded https://repo.maven.apache.org/maven2/com/google/cloud/google-cloud-language-bom/1.99.2/google-cloud-language-bom-1.99.2.pom
2020-05-02 22:03:07,095 [Worker-5: Import Getting Started Content] INFO  o.e.m.c.i.e.AbstractTransferListenerAdapter - Downloaded https://repo.maven.apache.org/maven2/com/google/cloud/google-cloud-logging-bom/1.100.0/google-cloud-logging-bom-1.100.0.pom
2020-05-02 22:03:07,095 [Worker-5: Import Getting Started Content] INFO  o.e.m.c.i.e.AbstractTransferListenerAdapter - Downloaded https://repo.maven.apache.org/maven2/com/google/cloud/google-cloud-monitoring-bom/1.99.2/google-cloud-monitoring-bom-1.99.2.pom
2020-05-02 22:03:07,095 [Worker-5: Import Getting Started Content] INFO  o.e.m.c.i.e.AbstractTransferListenerAdapter - Downloaded https://repo.maven.apache.org/maven2/com/google/cloud/google-cloud-os-login-bom/0.118.1/google-cloud-os-login-bom-0.118.1.pom
2020-05-02 22:03:07,104 [Worker-5: Import Getting Started Content] INFO  o.e.m.c.i.e.AbstractTransferListenerAdapter - Downloaded https://repo.maven.apache.org/maven2/com/google/cloud/google-cloud-phishingprotection-bom/0.28.2/google-cloud-phishingprotection-bom-0.28.2.pom
2020-05-02 22:03:07,106 [Worker-5: Import Getting Started Content] INFO  o.e.m.c.i.e.AbstractTransferListenerAdapter - Downloaded https://repo.maven.apache.org/maven2/com/google/cloud/google-cloud-pubsub-bom/1.103.0/google-cloud-pubsub-bom-1.103.0.pom
2020-05-02 22:03:07,106 [Worker-5: Import Getting Started Content] INFO  o.e.m.c.i.e.AbstractTransferListenerAdapter - Downloaded https://repo.maven.apache.org/maven2/com/google/cloud/google-cloud-recaptchaenterprise-bom/0.29.1/google-cloud-recaptchaenterprise-bom-0.29.1.pom
2020-05-02 22:03:07,114 [Worker-5: Import Getting Started Content] INFO  o.e.m.c.i.e.AbstractTransferListenerAdapter - Downloaded https://repo.maven.apache.org/maven2/com/google/cloud/google-cloud-recommender-bom/0.3.1/google-cloud-recommender-bom-0.3.1.pom
2020-05-02 22:03:07,114 [Worker-5: Import Getting Started Content] INFO  o.e.m.c.i.e.AbstractTransferListenerAdapter - Downloaded https://repo.maven.apache.org/maven2/com/google/cloud/google-cloud-redis-bom/0.119.0/google-cloud-redis-bom-0.119.0.pom
2020-05-02 22:03:07,114 [Worker-5: Import Getting Started Content] INFO  o.e.m.c.i.e.AbstractTransferListenerAdapter - Downloaded https://repo.maven.apache.org/maven2/com/google/cloud/google-cloud-scheduler-bom/1.22.2/google-cloud-scheduler-bom-1.22.2.pom
2020-05-02 22:03:07,125 [Worker-5: Import Getting Started Content] INFO  o.e.m.c.i.e.AbstractTransferListenerAdapter - Downloaded https://repo.maven.apache.org/maven2/com/google/cloud/google-cloud-secretmanager-bom/0.2.1/google-cloud-secretmanager-bom-0.2.1.pom
2020-05-02 22:03:07,125 [Worker-5: Import Getting Started Content] INFO  o.e.m.c.i.e.AbstractTransferListenerAdapter - Downloaded https://repo.maven.apache.org/maven2/com/google/cloud/google-cloud-securitycenter-bom/0.119.0/google-cloud-securitycenter-bom-0.119.0.pom
2020-05-02 22:03:07,130 [Worker-5: Import Getting Started Content] INFO  o.e.m.c.i.e.AbstractTransferListenerAdapter - Downloaded https://repo.maven.apache.org/maven2/com/google/cloud/google-cloud-spanner-bom/1.49.2/google-cloud-spanner-bom-1.49.2.pom
2020-05-02 22:03:07,134 [Worker-5: Import Getting Started Content] INFO  o.e.m.c.i.e.AbstractTransferListenerAdapter - Downloaded https://repo.maven.apache.org/maven2/com/google/cloud/google-cloud-speech-bom/1.22.3/google-cloud-speech-bom-1.22.3.pom
2020-05-02 22:03:07,134 [Worker-5: Import Getting Started Content] INFO  o.e.m.c.i.e.AbstractTransferListenerAdapter - Downloaded https://repo.maven.apache.org/maven2/com/google/cloud/google-cloud-talent-bom/0.35.2-beta/google-cloud-talent-bom-0.35.2-beta.pom
2020-05-02 22:03:07,139 [Worker-5: Import Getting Started Content] INFO  o.e.m.c.i.e.AbstractTransferListenerAdapter - Downloaded https://repo.maven.apache.org/maven2/com/google/cloud/google-cloud-tasks-bom/1.28.2/google-cloud-tasks-bom-1.28.2.pom
2020-05-02 22:03:07,139 [Worker-5: Import Getting Started Content] INFO  o.e.m.c.i.e.AbstractTransferListenerAdapter - Downloaded https://repo.maven.apache.org/maven2/com/google/cloud/google-cloud-texttospeech-bom/1.0.1/google-cloud-texttospeech-bom-1.0.1.pom
2020-05-02 22:03:07,144 [Worker-5: Import Getting Started Content] INFO  o.e.m.c.i.e.AbstractTransferListenerAdapter - Downloaded https://repo.maven.apache.org/maven2/com/google/cloud/google-cloud-trace-bom/1.0.1/google-cloud-trace-bom-1.0.1.pom
2020-05-02 22:03:07,144 [Worker-5: Import Getting Started Content] INFO  o.e.m.c.i.e.AbstractTransferListenerAdapter - Downloaded https://repo.maven.apache.org/maven2/com/google/cloud/google-cloud-translate-bom/1.94.3/google-cloud-translate-bom-1.94.3.pom
2020-05-02 22:03:07,144 [Worker-5: Import Getting Started Content] INFO  o.e.m.c.i.e.AbstractTransferListenerAdapter - Downloaded https://repo.maven.apache.org/maven2/com/google/cloud/google-cloud-video-intelligence-bom/1.1.0/google-cloud-video-intelligence-bom-1.1.0.pom
2020-05-02 22:03:07,154 [Worker-5: Import Getting Started Content] INFO  o.e.m.c.i.e.AbstractTransferListenerAdapter - Downloaded https://repo.maven.apache.org/maven2/com/google/cloud/google-cloud-vision-bom/1.99.1/google-cloud-vision-bom-1.99.1.pom
2020-05-02 22:03:07,154 [Worker-5: Import Getting Started Content] INFO  o.e.m.c.i.e.AbstractTransferListenerAdapter - Downloaded https://repo.maven.apache.org/maven2/com/google/cloud/google-cloud-websecurityscanner-bom/0.116.2/google-cloud-websecurityscanner-bom-0.116.2.pom
2020-05-02 22:03:07,154 [Worker-5: Import Getting Started Content] INFO  o.e.m.c.i.e.AbstractTransferListenerAdapter - Downloaded https://repo.maven.apache.org/maven2/com/google/cloud/google-cloud-webrisk-bom/0.32.1/google-cloud-webrisk-bom-0.32.1.pom
2020-05-02 22:03:07,165 [Worker-5: Import Getting Started Content] INFO  o.e.m.c.i.e.AbstractTransferListenerAdapter - Downloaded https://repo.maven.apache.org/maven2/com/fasterxml/jackson/jackson-bom/2.10.3/jackson-bom-2.10.3.pom
2020-05-02 22:03:07,165 [Worker-5: Import Getting Started Content] INFO  o.e.m.c.i.e.AbstractTransferListenerAdapter - Downloaded https://repo.maven.apache.org/maven2/io/micrometer/micrometer-bom/1.3.6/micrometer-bom-1.3.6.pom
2020-05-02 22:03:07,170 [Worker-5: Import Getting Started Content] INFO  o.e.m.c.i.e.AbstractTransferListenerAdapter - Downloaded https://repo.maven.apache.org/maven2/io/netty/netty-bom/4.1.48.Final/netty-bom-4.1.48.Final.pom
2020-05-02 22:03:07,170 [Worker-5: Import Getting Started Content] INFO  o.e.m.c.i.e.AbstractTransferListenerAdapter - Downloaded https://repo.maven.apache.org/maven2/io/projectreactor/reactor-bom/Dysprosium-SR6/reactor-bom-Dysprosium-SR6.pom
2020-05-02 22:03:07,175 [Worker-5: Import Getting Started Content] INFO  o.e.m.c.i.e.AbstractTransferListenerAdapter - Downloaded https://repo.maven.apache.org/maven2/io/rsocket/rsocket-bom/1.0.0-RC6/rsocket-bom-1.0.0-RC6.pom
2020-05-02 22:03:07,180 [Worker-5: Import Getting Started Content] INFO  o.e.m.c.i.e.AbstractTransferListenerAdapter - Downloaded https://repo.maven.apache.org/maven2/org/apache/logging/log4j/log4j-bom/2.12.1/log4j-bom-2.12.1.pom
2020-05-02 22:03:07,184 [Worker-5: Import Getting Started Content] INFO  o.e.m.c.i.e.AbstractTransferListenerAdapter - Downloaded https://repo.maven.apache.org/maven2/org/eclipse/jetty/jetty-bom/9.4.27.v20200227/jetty-bom-9.4.27.v20200227.pom
2020-05-02 22:03:07,184 [Worker-5: Import Getting Started Content] INFO  o.e.m.c.i.e.AbstractTransferListenerAdapter - Downloaded https://repo.maven.apache.org/maven2/org/glassfish/jersey/jersey-bom/2.29.1/jersey-bom-2.29.1.pom
2020-05-02 22:03:07,184 [Worker-5: Import Getting Started Content] INFO  o.e.m.c.i.e.AbstractTransferListenerAdapter - Downloaded https://repo.maven.apache.org/maven2/org/jetbrains/kotlin/kotlin-bom/1.3.71/kotlin-bom-1.3.71.pom
2020-05-02 22:03:07,197 [Worker-5: Import Getting Started Content] INFO  o.e.m.c.i.e.AbstractTransferListenerAdapter - Downloaded https://repo.maven.apache.org/maven2/org/jetbrains/kotlinx/kotlinx-coroutines-bom/1.3.5/kotlinx-coroutines-bom-1.3.5.pom
2020-05-02 22:03:07,197 [Worker-5: Import Getting Started Content] INFO  o.e.m.c.i.e.AbstractTransferListenerAdapter - Downloaded https://repo.maven.apache.org/maven2/org/junit/junit-bom/5.5.2/junit-bom-5.5.2.pom
2020-05-02 22:03:07,197 [Worker-5: Import Getting Started Content] INFO  o.e.m.c.i.e.AbstractTransferListenerAdapter - Downloaded https://repo.maven.apache.org/maven2/org/springframework/spring-framework-bom/5.2.5.RELEASE/spring-framework-bom-5.2.5.RELEASE.pom
2020-05-02 22:03:07,204 [Worker-5: Import Getting Started Content] INFO  o.e.m.c.i.e.AbstractTransferListenerAdapter - Downloaded https://repo.maven.apache.org/maven2/org/springframework/data/spring-data-releasetrain/Moore-SR6/spring-data-releasetrain-Moore-SR6.pom
2020-05-02 22:03:07,206 [Worker-5: Import Getting Started Content] INFO  o.e.m.c.i.e.AbstractTransferListenerAdapter - Downloaded https://repo.maven.apache.org/maven2/org/springframework/integration/spring-integration-bom/5.2.5.RELEASE/spring-integration-bom-5.2.5.RELEASE.pom
2020-05-02 22:03:07,206 [Worker-5: Import Getting Started Content] INFO  o.e.m.c.i.e.AbstractTransferListenerAdapter - Downloaded https://repo.maven.apache.org/maven2/org/springframework/security/spring-security-bom/5.2.2.RELEASE/spring-security-bom-5.2.2.RELEASE.pom
2020-05-02 22:03:07,214 [Worker-5: Import Getting Started Content] INFO  o.e.m.c.i.e.AbstractTransferListenerAdapter - Downloaded https://repo.maven.apache.org/maven2/org/springframework/session/spring-session-bom/Corn-SR2/spring-session-bom-Corn-SR2.pom
2020-05-02 22:03:07,274 [Worker-5: Import Getting Started Content] WARN  o.e.m.c.i.embedder.EclipseLogger - Failed to build parent project for org.springframework.boot:spring-boot-starter-parent:pom:2.2.6.RELEASE
2020-05-02 22:03:07,284 [Worker-5: Import Getting Started Content] WARN  o.e.m.c.i.embedder.EclipseLogger - Failed to build parent project for com.tutorial:ConfigServer:jar:0.0.1-SNAPSHOT
